1503477547420	geckodriver	INFO	geckodriver 0.18.0
1503477547431	geckodriver	INFO	Listening on 127.0.0.1:5665
1503477549301	geckodriver::marionette	INFO	Starting browser C:\Program Files (x86)\mozilla firefox\firefox.exe with args ["-marionette"]
1503477551624	Marionette	INFO	Enabled via --marionette
[GPU 6560] WARNING: pipe error: 109: file c:/builds/moz2_slave/m-rel-w32-00000000000000000000/build/src/ipc/chromium/src/chrome/common/ipc_channel_win.cc, line 346
1503477557340	Marionette	INFO	Listening on port 5671
1503477557346	Marionette	INFO	Listening on port 5671
1503477557647	Marionette	WARN	TLS certificate errors will be ignored for this session
1503477557691	Marionette	DEBUG	loaded listener.js
1503477557726	Marionette	DEBUG	Received DOM event "beforeunload" for "about:blank"
1503477558431	Marionette	DEBUG	Received DOM event "pagehide" for "about:blank"
1503477558431	Marionette	DEBUG	Received DOM event "unload" for "about:blank"
1503477558441	Marionette	DEBUG	Received DOM event "DOMContentLoaded" for "http://localhost:8000/"
1503477558457	Marionette	DEBUG	Received DOM event "pageshow" for "http://localhost:8000/"
1503477561682	Marionette	INFO	New connections will no longer be accepted
/"
1503477263798	Marionette	DEBUG	Received DOM event "pageshow" for "http://localhost:8000/"
1503477266985	Marionette	INFO	New connections will no longer be accepted
chrome/common/ipc_channel_win.cc, line 346
[Child 8252] WARNING: pipe error: 109: file c:/builds/moz2_slave/m-rel-w32-00000000000000000000/build/src/ipc/chromium/src/chrome/common/ipc_channel_win.cc, line 346
[Child 8252] WARNING: pipe error: 109: file c:/builds/moz2_slave/m-rel-w32-00000000000000000000/build/src/ipc/chromium/src/chrome/common/ipc_channel_win.cc, line 346
[GPU 9124] WARNING: pipe error: 109: file c:/builds/moz2_slave/m-rel-w32-00000000000000000000/build/src/ipc/chromium/src/chrome/common/ipc_channel_win.cc, line 346
